<?xml version="1.0" encoding="UTF-8"?>
<!-- Generated by org.testng.reporters.JUnitReportReporter -->
<testsuite skipped="0" hostname="admin-PC" name="com.masteringselenium.BasicIT" tests="6" failures="0" timestamp="14 Oct 2019 20:07:44 GMT" time="100.612" errors="0">
  <testcase name="googleBananaExample" time="25.177" classname="com.masteringselenium.BasicIT"/>
  <testcase name="googleYouExample" time="5.206" classname="com.masteringselenium.BasicIT"/>
  <testcase name="googleCheeseExample" time="18.973" classname="com.masteringselenium.BasicIT"/>
  <testcase name="googleCucumberExample" time="17.705" classname="com.masteringselenium.BasicIT"/>
  <testcase name="googleMilkExample" time="10.649" classname="com.masteringselenium.BasicIT"/>
  <testcase name="googleMeExample" time="22.902" classname="com.masteringselenium.BasicIT"/>
</testsuite> <!-- com.masteringselenium.BasicIT -->
